Analysis & Synthesis report for task5
Sun May 16 18:09:18 2021
Quartus Prime Version 18.1.0 Build 625 09/12/2018 SJ Lite Edition


---------------------
; Table of Contents ;
---------------------
  1. Legal Notice
  2. Analysis & Synthesis Summary
  3. Analysis & Synthesis Settings
  4. Parallel Compilation
  5. Analysis & Synthesis Source Files Read
  6. Analysis & Synthesis Resource Usage Summary
  7. Analysis & Synthesis Resource Utilization by Entity
  8. State Machine - |task5|statemachine:sm|current_state
  9. Registers Removed During Synthesis
 10. General Register Statistics
 11. Multiplexer Restructuring Statistics (Restructuring Performed)
 12. Parameter Settings for User Entity Instance: datapath:dp|reg4:PCard1
 13. Parameter Settings for User Entity Instance: datapath:dp|reg4:PCard2
 14. Parameter Settings for User Entity Instance: datapath:dp|reg4:PCard3
 15. Parameter Settings for User Entity Instance: datapath:dp|reg4:DCard1
 16. Parameter Settings for User Entity Instance: datapath:dp|reg4:DCard2
 17. Parameter Settings for User Entity Instance: datapath:dp|reg4:DCard3
 18. Parameter Settings for Inferred Entity Instance: datapath:dp|scorehand:Player|lpm_divide:Mod0
 19. Parameter Settings for Inferred Entity Instance: datapath:dp|scorehand:Dealer|lpm_divide:Mod0
 20. Post-Synthesis Netlist Statistics for Top Partition
 21. Elapsed Time Per Partition
 22. Analysis & Synthesis Messages
 23. Analysis & Synthesis Suppressed Messages



----------------
; Legal Notice ;
----------------
Copyright (C) 2018  Intel Corporation. All rights reserved.
Your use of Intel Corporation's design tools, logic functions 
and other software and tools, and its AMPP partner logic 
functions, and any output files from any of the foregoing 
(including device programming or simulation files), and any 
associated documentation or information are expressly subject 
to the terms and conditions of the Intel Program License 
Subscription Agreement, the Intel Quartus Prime License Agreement,
the Intel FPGA IP License Agreement, or other applicable license
agreement, including, without limitation, that your use is for
the sole purpose of programming logic devices manufactured by
Intel and sold by Intel or its authorized distributors.  Please
refer to the applicable agreement for further details.



+-------------------------------------------------------------------------------+
; Analysis & Synthesis Summary                                                  ;
+---------------------------------+---------------------------------------------+
; Analysis & Synthesis Status     ; Successful - Sun May 16 18:09:18 2021       ;
; Quartus Prime Version           ; 18.1.0 Build 625 09/12/2018 SJ Lite Edition ;
; Revision Name                   ; task5                                       ;
; Top-level Entity Name           ; task5                                       ;
; Family                          ; Cyclone V                                   ;
; Logic utilization (in ALMs)     ; N/A                                         ;
; Total registers                 ; 37                                          ;
; Total pins                      ; 57                                          ;
; Total virtual pins              ; 0                                           ;
; Total block memory bits         ; 0                                           ;
; Total DSP Blocks                ; 0                                           ;
; Total HSSI RX PCSs              ; 0                                           ;
; Total HSSI PMA RX Deserializers ; 0                                           ;
; Total HSSI TX PCSs              ; 0                                           ;
; Total HSSI PMA TX Serializers   ; 0                                           ;
; Total PLLs                      ; 0                                           ;
; Total DLLs                      ; 0                                           ;
+---------------------------------+---------------------------------------------+


+---------------------------------------------------------------------------------------------------------------------------+
; Analysis & Synthesis Settings                                                                                             ;
+---------------------------------------------------------------------------------+--------------------+--------------------+
; Option                                                                          ; Setting            ; Default Value      ;
+---------------------------------------------------------------------------------+--------------------+--------------------+
; Device                                                                          ; 5CSEMA5F31C6       ;                    ;
; Top-level entity name                                                           ; task5              ; task5              ;
; Family name                                                                     ; Cyclone V          ; Cyclone V          ;
; Use smart compilation                                                           ; Off                ; Off                ;
; Enable parallel Assembler and Timing Analyzer during compilation                ; On                 ; On                 ;
; Enable compact report table                                                     ; Off                ; Off                ;
; Restructure Multiplexers                                                        ; Auto               ; Auto               ;
; MLAB Add Timing Constraints For Mixed-Port Feed-Through Mode Setting Don't Care ; Off                ; Off                ;
; Create Debugging Nodes for IP Cores                                             ; Off                ; Off                ;
; Preserve fewer node names                                                       ; On                 ; On                 ;
; Intel FPGA IP Evaluation Mode                                                   ; Enable             ; Enable             ;
; Verilog Version                                                                 ; Verilog_2001       ; Verilog_2001       ;
; VHDL Version                                                                    ; VHDL_1993          ; VHDL_1993          ;
; State Machine Processing                                                        ; Auto               ; Auto               ;
; Safe State Machine                                                              ; Off                ; Off                ;
; Extract Verilog State Machines                                                  ; On                 ; On                 ;
; Extract VHDL State Machines                                                     ; On                 ; On                 ;
; Ignore Verilog initial constructs                                               ; Off                ; Off                ;
; Iteration limit for constant Verilog loops                                      ; 5000               ; 5000               ;
; Iteration limit for non-constant Verilog loops                                  ; 250                ; 250                ;
; Add Pass-Through Logic to Inferred RAMs                                         ; On                 ; On                 ;
; Infer RAMs from Raw Logic                                                       ; On                 ; On                 ;
; Parallel Synthesis                                                              ; On                 ; On                 ;
; DSP Block Balancing                                                             ; Auto               ; Auto               ;
; NOT Gate Push-Back                                                              ; On                 ; On                 ;
; Power-Up Don't Care                                                             ; On                 ; On                 ;
; Remove Redundant Logic Cells                                                    ; Off                ; Off                ;
; Remove Duplicate Registers                                                      ; On                 ; On                 ;
; Ignore CARRY Buffers                                                            ; Off                ; Off                ;
; Ignore CASCADE Buffers                                                          ; Off                ; Off                ;
; Ignore GLOBAL Buffers                                                           ; Off                ; Off                ;
; Ignore ROW GLOBAL Buffers                                                       ; Off                ; Off                ;
; Ignore LCELL Buffers                                                            ; Off                ; Off                ;
; Ignore SOFT Buffers                                                             ; On                 ; On                 ;
; Limit AHDL Integers to 32 Bits                                                  ; Off                ; Off                ;
; Optimization Technique                                                          ; Balanced           ; Balanced           ;
; Carry Chain Length                                                              ; 70                 ; 70                 ;
; Auto Carry Chains                                                               ; On                 ; On                 ;
; Auto Open-Drain Pins                                                            ; On                 ; On                 ;
; Perform WYSIWYG Primitive Resynthesis                                           ; Off                ; Off                ;
; Auto ROM Replacement                                                            ; On                 ; On                 ;
; Auto RAM Replacement                                                            ; On                 ; On                 ;
; Auto DSP Block Replacement                                                      ; On                 ; On                 ;
; Auto Shift Register Replacement                                                 ; Auto               ; Auto               ;
; Allow Shift Register Merging across Hierarchies                                 ; Auto               ; Auto               ;
; Auto Clock Enable Replacement                                                   ; On                 ; On                 ;
; Strict RAM Replacement                                                          ; Off                ; Off                ;
; Allow Synchronous Control Signals                                               ; On                 ; On                 ;
; Force Use of Synchronous Clear Signals                                          ; Off                ; Off                ;
; Auto Resource Sharing                                                           ; Off                ; Off                ;
; Allow Any RAM Size For Recognition                                              ; Off                ; Off                ;
; Allow Any ROM Size For Recognition                                              ; Off                ; Off                ;
; Allow Any Shift Register Size For Recognition                                   ; Off                ; Off                ;
; Use LogicLock Constraints during Resource Balancing                             ; On                 ; On                 ;
; Ignore translate_off and synthesis_off directives                               ; Off                ; Off                ;
; Timing-Driven Synthesis                                                         ; On                 ; On                 ;
; Report Parameter Settings                                                       ; On                 ; On                 ;
; Report Source Assignments                                                       ; On                 ; On                 ;
; Report Connectivity Checks                                                      ; On                 ; On                 ;
; Ignore Maximum Fan-Out Assignments                                              ; Off                ; Off                ;
; Synchronization Register Chain Length                                           ; 3                  ; 3                  ;
; Power Optimization During Synthesis                                             ; Normal compilation ; Normal compilation ;
; HDL message level                                                               ; Level2             ; Level2             ;
; Suppress Register Optimization Related Messages                                 ; Off                ; Off                ;
; Number of Removed Registers Reported in Synthesis Report                        ; 5000               ; 5000               ;
; Number of Swept Nodes Reported in Synthesis Report                              ; 5000               ; 5000               ;
; Number of Inverted Registers Reported in Synthesis Report                       ; 100                ; 100                ;
; Clock MUX Protection                                                            ; On                 ; On                 ;
; Auto Gated Clock Conversion                                                     ; Off                ; Off                ;
; Block Design Naming                                                             ; Auto               ; Auto               ;
; SDC constraint protection                                                       ; Off                ; Off                ;
; Synthesis Effort                                                                ; Auto               ; Auto               ;
; Shift Register Replacement - Allow Asynchronous Clear Signal                    ; On                 ; On                 ;
; Pre-Mapping Resynthesis Optimization                                            ; Off                ; Off                ;
; Analysis & Synthesis Message Level                                              ; Medium             ; Medium             ;
; Disable Register Merging Across Hierarchies                                     ; Auto               ; Auto               ;
; Resource Aware Inference For Block RAM                                          ; On                 ; On                 ;
; Automatic Parallel Synthesis                                                    ; On                 ; On                 ;
; Partial Reconfiguration Bitstream ID                                            ; Off                ; Off                ;
+---------------------------------------------------------------------------------+--------------------+--------------------+


+------------------------------------------+
; Parallel Compilation                     ;
+----------------------------+-------------+
; Processors                 ; Number      ;
+----------------------------+-------------+
; Number detected on machine ; 16          ;
; Maximum allowed            ; 8           ;
;                            ;             ;
; Average used               ; 1.00        ;
; Maximum used               ; 8           ;
;                            ;             ;
; Usage by Processor         ; % Time Used ;
;     Processor 1            ; 100.0%      ;
;     Processors 2-8         ;   0.0%      ;
+----------------------------+-------------+


+----------------------------------------------------------------------------------------------------------------------------------------------------------------------------------------------------------+
; Analysis & Synthesis Source Files Read                                                                                                                                                                   ;
+----------------------------------+-----------------+------------------------------+------------------------------------------------------------------------------------------------------------+---------+
; File Name with User-Entered Path ; Used in Netlist ; File Type                    ; File Name with Absolute Path                                                                               ; Library ;
+----------------------------------+-----------------+------------------------------+------------------------------------------------------------------------------------------------------------+---------+
; task5.sv                         ; yes             ; User SystemVerilog HDL File  ; C:/Users/circl/OneDrive/Desktop/CPEN311/Labs/Lab1/lab1-cpen311-RobinHYuan/task5/task5.sv                   ;         ;
; statemachine.sv                  ; yes             ; User SystemVerilog HDL File  ; C:/Users/circl/OneDrive/Desktop/CPEN311/Labs/Lab1/lab1-cpen311-RobinHYuan/task5/statemachine.sv            ;         ;
; scorehand.sv                     ; yes             ; User SystemVerilog HDL File  ; C:/Users/circl/OneDrive/Desktop/CPEN311/Labs/Lab1/lab1-cpen311-RobinHYuan/task5/scorehand.sv               ;         ;
; dealcard.sv                      ; yes             ; User SystemVerilog HDL File  ; C:/Users/circl/OneDrive/Desktop/CPEN311/Labs/Lab1/lab1-cpen311-RobinHYuan/task5/dealcard.sv                ;         ;
; datapath.sv                      ; yes             ; User SystemVerilog HDL File  ; C:/Users/circl/OneDrive/Desktop/CPEN311/Labs/Lab1/lab1-cpen311-RobinHYuan/task5/datapath.sv                ;         ;
; card7seg.sv                      ; yes             ; User SystemVerilog HDL File  ; C:/Users/circl/OneDrive/Desktop/CPEN311/Labs/Lab1/lab1-cpen311-RobinHYuan/task5/card7seg.sv                ;         ;
; lpm_divide.tdf                   ; yes             ; Megafunction                 ; c:/intelfpga_lite/18.1/quartus/libraries/megafunctions/lpm_divide.tdf                                      ;         ;
; abs_divider.inc                  ; yes             ; Megafunction                 ; c:/intelfpga_lite/18.1/quartus/libraries/megafunctions/abs_divider.inc                                     ;         ;
; sign_div_unsign.inc              ; yes             ; Megafunction                 ; c:/intelfpga_lite/18.1/quartus/libraries/megafunctions/sign_div_unsign.inc                                 ;         ;
; aglobal181.inc                   ; yes             ; Megafunction                 ; c:/intelfpga_lite/18.1/quartus/libraries/megafunctions/aglobal181.inc                                      ;         ;
; db/lpm_divide_72m.tdf            ; yes             ; Auto-Generated Megafunction  ; C:/Users/circl/OneDrive/Desktop/CPEN311/Labs/Lab1/lab1-cpen311-RobinHYuan/task5/db/lpm_divide_72m.tdf      ;         ;
; db/sign_div_unsign_akh.tdf       ; yes             ; Auto-Generated Megafunction  ; C:/Users/circl/OneDrive/Desktop/CPEN311/Labs/Lab1/lab1-cpen311-RobinHYuan/task5/db/sign_div_unsign_akh.tdf ;         ;
; db/alt_u_div_qse.tdf             ; yes             ; Auto-Generated Megafunction  ; C:/Users/circl/OneDrive/Desktop/CPEN311/Labs/Lab1/lab1-cpen311-RobinHYuan/task5/db/alt_u_div_qse.tdf       ;         ;
+----------------------------------+-----------------+------------------------------+------------------------------------------------------------------------------------------------------------+---------+


+------------------------------------------------------------+
; Analysis & Synthesis Resource Usage Summary                ;
+---------------------------------------------+--------------+
; Resource                                    ; Usage        ;
+---------------------------------------------+--------------+
; Estimate of Logic utilization (ALMs needed) ; 109          ;
;                                             ;              ;
; Combinational ALUT usage for logic          ; 202          ;
;     -- 7 input functions                    ; 0            ;
;     -- 6 input functions                    ; 12           ;
;     -- 5 input functions                    ; 12           ;
;     -- 4 input functions                    ; 56           ;
;     -- <=3 input functions                  ; 122          ;
;                                             ;              ;
; Dedicated logic registers                   ; 37           ;
;                                             ;              ;
; I/O pins                                    ; 57           ;
;                                             ;              ;
; Total DSP Blocks                            ; 0            ;
;                                             ;              ;
; Maximum fan-out node                        ; KEY[0]~input ;
; Maximum fan-out                             ; 33           ;
; Total fan-out                               ; 859          ;
; Average fan-out                             ; 2.43         ;
+---------------------------------------------+--------------+


+----------------------------------------------------------------------------------------------------------------------------------------------------------------------------------------------------------------------------------------------------------------------------------------------------------------------------------+
; Analysis & Synthesis Resource Utilization by Entity                                                                                                                                                                                                                                                                              ;
+----------------------------------------------+---------------------+---------------------------+-------------------+------------+------+--------------+-------------------------------------------------------------------------------------------------------------------------------------+---------------------+--------------+
; Compilation Hierarchy Node                   ; Combinational ALUTs ; Dedicated Logic Registers ; Block Memory Bits ; DSP Blocks ; Pins ; Virtual Pins ; Full Hierarchy Name                                                                                                                 ; Entity Name         ; Library Name ;
+----------------------------------------------+---------------------+---------------------------+-------------------+------------+------+--------------+-------------------------------------------------------------------------------------------------------------------------------------+---------------------+--------------+
; |task5                                       ; 202 (0)             ; 37 (0)                    ; 0                 ; 0          ; 57   ; 0            ; |task5                                                                                                                              ; task5               ; work         ;
;    |datapath:dp|                             ; 175 (0)             ; 28 (0)                    ; 0                 ; 0          ; 0    ; 0            ; |task5|datapath:dp                                                                                                                  ; datapath            ; work         ;
;       |card7seg:cardD1|                      ; 7 (7)               ; 0 (0)                     ; 0                 ; 0          ; 0    ; 0            ; |task5|datapath:dp|card7seg:cardD1                                                                                                  ; card7seg            ; work         ;
;       |card7seg:cardD2|                      ; 7 (7)               ; 0 (0)                     ; 0                 ; 0          ; 0    ; 0            ; |task5|datapath:dp|card7seg:cardD2                                                                                                  ; card7seg            ; work         ;
;       |card7seg:cardD3|                      ; 7 (7)               ; 0 (0)                     ; 0                 ; 0          ; 0    ; 0            ; |task5|datapath:dp|card7seg:cardD3                                                                                                  ; card7seg            ; work         ;
;       |card7seg:cardP1|                      ; 7 (7)               ; 0 (0)                     ; 0                 ; 0          ; 0    ; 0            ; |task5|datapath:dp|card7seg:cardP1                                                                                                  ; card7seg            ; work         ;
;       |card7seg:cardP2|                      ; 7 (7)               ; 0 (0)                     ; 0                 ; 0          ; 0    ; 0            ; |task5|datapath:dp|card7seg:cardP2                                                                                                  ; card7seg            ; work         ;
;       |card7seg:cardP3|                      ; 7 (7)               ; 0 (0)                     ; 0                 ; 0          ; 0    ; 0            ; |task5|datapath:dp|card7seg:cardP3                                                                                                  ; card7seg            ; work         ;
;       |dealcard:newcard|                     ; 4 (4)               ; 4 (4)                     ; 0                 ; 0          ; 0    ; 0            ; |task5|datapath:dp|dealcard:newcard                                                                                                 ; dealcard            ; work         ;
;       |reg4:DCard1|                          ; 1 (1)               ; 4 (4)                     ; 0                 ; 0          ; 0    ; 0            ; |task5|datapath:dp|reg4:DCard1                                                                                                      ; reg4                ; work         ;
;       |reg4:DCard2|                          ; 1 (1)               ; 4 (4)                     ; 0                 ; 0          ; 0    ; 0            ; |task5|datapath:dp|reg4:DCard2                                                                                                      ; reg4                ; work         ;
;       |reg4:DCard3|                          ; 5 (5)               ; 4 (4)                     ; 0                 ; 0          ; 0    ; 0            ; |task5|datapath:dp|reg4:DCard3                                                                                                      ; reg4                ; work         ;
;       |reg4:PCard1|                          ; 0 (0)               ; 4 (4)                     ; 0                 ; 0          ; 0    ; 0            ; |task5|datapath:dp|reg4:PCard1                                                                                                      ; reg4                ; work         ;
;       |reg4:PCard2|                          ; 1 (1)               ; 4 (4)                     ; 0                 ; 0          ; 0    ; 0            ; |task5|datapath:dp|reg4:PCard2                                                                                                      ; reg4                ; work         ;
;       |reg4:PCard3|                          ; 1 (1)               ; 4 (4)                     ; 0                 ; 0          ; 0    ; 0            ; |task5|datapath:dp|reg4:PCard3                                                                                                      ; reg4                ; work         ;
;       |scorehand:Dealer|                     ; 59 (18)             ; 0 (0)                     ; 0                 ; 0          ; 0    ; 0            ; |task5|datapath:dp|scorehand:Dealer                                                                                                 ; scorehand           ; work         ;
;          |lpm_divide:Mod0|                   ; 41 (0)              ; 0 (0)                     ; 0                 ; 0          ; 0    ; 0            ; |task5|datapath:dp|scorehand:Dealer|lpm_divide:Mod0                                                                                 ; lpm_divide          ; work         ;
;             |lpm_divide_72m:auto_generated|  ; 41 (0)              ; 0 (0)                     ; 0                 ; 0          ; 0    ; 0            ; |task5|datapath:dp|scorehand:Dealer|lpm_divide:Mod0|lpm_divide_72m:auto_generated                                                   ; lpm_divide_72m      ; work         ;
;                |sign_div_unsign_akh:divider| ; 41 (0)              ; 0 (0)                     ; 0                 ; 0          ; 0    ; 0            ; |task5|datapath:dp|scorehand:Dealer|lpm_divide:Mod0|lpm_divide_72m:auto_generated|sign_div_unsign_akh:divider                       ; sign_div_unsign_akh ; work         ;
;                   |alt_u_div_qse:divider|    ; 41 (41)             ; 0 (0)                     ; 0                 ; 0          ; 0    ; 0            ; |task5|datapath:dp|scorehand:Dealer|lpm_divide:Mod0|lpm_divide_72m:auto_generated|sign_div_unsign_akh:divider|alt_u_div_qse:divider ; alt_u_div_qse       ; work         ;
;       |scorehand:Player|                     ; 61 (18)             ; 0 (0)                     ; 0                 ; 0          ; 0    ; 0            ; |task5|datapath:dp|scorehand:Player                                                                                                 ; scorehand           ; work         ;
;          |lpm_divide:Mod0|                   ; 43 (0)              ; 0 (0)                     ; 0                 ; 0          ; 0    ; 0            ; |task5|datapath:dp|scorehand:Player|lpm_divide:Mod0                                                                                 ; lpm_divide          ; work         ;
;             |lpm_divide_72m:auto_generated|  ; 43 (0)              ; 0 (0)                     ; 0                 ; 0          ; 0    ; 0            ; |task5|datapath:dp|scorehand:Player|lpm_divide:Mod0|lpm_divide_72m:auto_generated                                                   ; lpm_divide_72m      ; work         ;
;                |sign_div_unsign_akh:divider| ; 43 (0)              ; 0 (0)                     ; 0                 ; 0          ; 0    ; 0            ; |task5|datapath:dp|scorehand:Player|lpm_divide:Mod0|lpm_divide_72m:auto_generated|sign_div_unsign_akh:divider                       ; sign_div_unsign_akh ; work         ;
;                   |alt_u_div_qse:divider|    ; 43 (43)             ; 0 (0)                     ; 0                 ; 0          ; 0    ; 0            ; |task5|datapath:dp|scorehand:Player|lpm_divide:Mod0|lpm_divide_72m:auto_generated|sign_div_unsign_akh:divider|alt_u_div_qse:divider ; alt_u_div_qse       ; work         ;
;    |statemachine:sm|                         ; 27 (27)             ; 9 (9)                     ; 0                 ; 0          ; 0    ; 0            ; |task5|statemachine:sm                                                                                                              ; statemachine        ; work         ;
+----------------------------------------------+---------------------+---------------------------+-------------------+------------+------+--------------+-------------------------------------------------------------------------------------------------------------------------------------+---------------------+--------------+
Note: For table entries with two numbers listed, the numbers in parentheses indicate the number of resources of the given type used by the specific entity alone. The numbers listed outside of parentheses indicate the total resources of the given type used by the specific entity and all of its sub-entities in the hierarchy.


Encoding Type:  One-Hot
+-----------------------------------------------------------------------------------------------------------------------------------------------------------------------------------+
; State Machine - |task5|statemachine:sm|current_state                                                                                                                              ;
+-------------------+-------------------+-------------------+-------------------+-------------------+-------------------+-------------------+-------------------+-------------------+
; Name              ; current_state.111 ; current_state.110 ; current_state.101 ; current_state.100 ; current_state.011 ; current_state.010 ; current_state.001 ; current_state.000 ;
+-------------------+-------------------+-------------------+-------------------+-------------------+-------------------+-------------------+-------------------+-------------------+
; current_state.000 ; 0                 ; 0                 ; 0                 ; 0                 ; 0                 ; 0                 ; 0                 ; 0                 ;
; current_state.001 ; 0                 ; 0                 ; 0                 ; 0                 ; 0                 ; 0                 ; 1                 ; 1                 ;
; current_state.010 ; 0                 ; 0                 ; 0                 ; 0                 ; 0                 ; 1                 ; 0                 ; 1                 ;
; current_state.011 ; 0                 ; 0                 ; 0                 ; 0                 ; 1                 ; 0                 ; 0                 ; 1                 ;
; current_state.100 ; 0                 ; 0                 ; 0                 ; 1                 ; 0                 ; 0                 ; 0                 ; 1                 ;
; current_state.101 ; 0                 ; 0                 ; 1                 ; 0                 ; 0                 ; 0                 ; 0                 ; 1                 ;
; current_state.110 ; 0                 ; 1                 ; 0                 ; 0                 ; 0                 ; 0                 ; 0                 ; 1                 ;
; current_state.111 ; 1                 ; 0                 ; 0                 ; 0                 ; 0                 ; 0                 ; 0                 ; 1                 ;
+-------------------+-------------------+-------------------+-------------------+-------------------+-------------------+-------------------+-------------------+-------------------+


+----------------------------------------------------------------------------------------+
; Registers Removed During Synthesis                                                     ;
+----------------------------------------+-----------------------------------------------+
; Register name                          ; Reason for Removal                            ;
+----------------------------------------+-----------------------------------------------+
; statemachine:sm|current_state~2        ; Lost fanout                                   ;
; statemachine:sm|current_state~3        ; Lost fanout                                   ;
; statemachine:sm|current_state~4        ; Lost fanout                                   ;
; statemachine:sm|load_pcard1            ; Merged with statemachine:sm|current_state.001 ;
; statemachine:sm|load_dcard1            ; Merged with statemachine:sm|current_state.010 ;
; statemachine:sm|load_pcard2            ; Merged with statemachine:sm|current_state.011 ;
; statemachine:sm|load_dcard2            ; Merged with statemachine:sm|current_state.100 ;
; statemachine:sm|load_pcard3            ; Merged with statemachine:sm|current_state.101 ;
; statemachine:sm|load_dcard3            ; Merged with statemachine:sm|current_state.110 ;
; statemachine:sm|current_state.111      ; Lost fanout                                   ;
; Total Number of Removed Registers = 10 ;                                               ;
+----------------------------------------+-----------------------------------------------+


+------------------------------------------------------+
; General Register Statistics                          ;
+----------------------------------------------+-------+
; Statistic                                    ; Value ;
+----------------------------------------------+-------+
; Total registers                              ; 37    ;
; Number of registers using Synchronous Clear  ; 1     ;
; Number of registers using Synchronous Load   ; 1     ;
; Number of registers using Asynchronous Clear ; 0     ;
; Number of registers using Asynchronous Load  ; 0     ;
; Number of registers using Clock Enable       ; 24    ;
; Number of registers using Preset             ; 0     ;
+----------------------------------------------+-------+


+------------------------------------------------------------------------------------------------------------------------------------------------------------------+
; Multiplexer Restructuring Statistics (Restructuring Performed)                                                                                                   ;
+--------------------+-----------+---------------+----------------------+------------------------+------------+----------------------------------------------------+
; Multiplexer Inputs ; Bus Width ; Baseline Area ; Area if Restructured ; Saving if Restructured ; Registered ; Example Multiplexer Output                         ;
+--------------------+-----------+---------------+----------------------+------------------------+------------+----------------------------------------------------+
; 3:1                ; 4 bits    ; 8 LEs         ; 4 LEs                ; 4 LEs                  ; Yes        ; |task5|datapath:dp|reg4:DCard3|out[0]              ;
; 3:1                ; 4 bits    ; 8 LEs         ; 4 LEs                ; 4 LEs                  ; Yes        ; |task5|datapath:dp|reg4:DCard2|out[3]              ;
; 3:1                ; 4 bits    ; 8 LEs         ; 4 LEs                ; 4 LEs                  ; Yes        ; |task5|datapath:dp|reg4:DCard1|out[3]              ;
; 3:1                ; 4 bits    ; 8 LEs         ; 4 LEs                ; 4 LEs                  ; Yes        ; |task5|datapath:dp|reg4:PCard3|out[3]              ;
; 3:1                ; 4 bits    ; 8 LEs         ; 4 LEs                ; 4 LEs                  ; Yes        ; |task5|datapath:dp|reg4:PCard2|out[3]              ;
; 3:1                ; 4 bits    ; 8 LEs         ; 4 LEs                ; 4 LEs                  ; Yes        ; |task5|datapath:dp|reg4:PCard1|out[2]              ;
; 3:1                ; 3 bits    ; 6 LEs         ; 6 LEs                ; 0 LEs                  ; Yes        ; |task5|datapath:dp|dealcard:newcard|dealer_card[1] ;
+--------------------+-----------+---------------+----------------------+------------------------+------------+----------------------------------------------------+


+----------------------------------------------------------------------+
; Parameter Settings for User Entity Instance: datapath:dp|reg4:PCard1 ;
+----------------+-------+---------------------------------------------+
; Parameter Name ; Value ; Type                                        ;
+----------------+-------+---------------------------------------------+
; n              ; 4     ; Signed Integer                              ;
+----------------+-------+---------------------------------------------+
Note: In order to hide this table in the UI and the text report file, please set the "Show Parameter Settings in Synthesis Report" option in "Analysis and Synthesis Settings -> More Settings" to "Off".


+----------------------------------------------------------------------+
; Parameter Settings for User Entity Instance: datapath:dp|reg4:PCard2 ;
+----------------+-------+---------------------------------------------+
; Parameter Name ; Value ; Type                                        ;
+----------------+-------+---------------------------------------------+
; n              ; 4     ; Signed Integer                              ;
+----------------+-------+---------------------------------------------+
Note: In order to hide this table in the UI and the text report file, please set the "Show Parameter Settings in Synthesis Report" option in "Analysis and Synthesis Settings -> More Settings" to "Off".


+----------------------------------------------------------------------+
; Parameter Settings for User Entity Instance: datapath:dp|reg4:PCard3 ;
+----------------+-------+---------------------------------------------+
; Parameter Name ; Value ; Type                                        ;
+----------------+-------+---------------------------------------------+
; n              ; 4     ; Signed Integer                              ;
+----------------+-------+---------------------------------------------+
Note: In order to hide this table in the UI and the text report file, please set the "Show Parameter Settings in Synthesis Report" option in "Analysis and Synthesis Settings -> More Settings" to "Off".


+----------------------------------------------------------------------+
; Parameter Settings for User Entity Instance: datapath:dp|reg4:DCard1 ;
+----------------+-------+---------------------------------------------+
; Parameter Name ; Value ; Type                                        ;
+----------------+-------+---------------------------------------------+
; n              ; 4     ; Signed Integer                              ;
+----------------+-------+---------------------------------------------+
Note: In order to hide this table in the UI and the text report file, please set the "Show Parameter Settings in Synthesis Report" option in "Analysis and Synthesis Settings -> More Settings" to "Off".


+----------------------------------------------------------------------+
; Parameter Settings for User Entity Instance: datapath:dp|reg4:DCard2 ;
+----------------+-------+---------------------------------------------+
; Parameter Name ; Value ; Type                                        ;
+----------------+-------+---------------------------------------------+
; n              ; 4     ; Signed Integer                              ;
+----------------+-------+---------------------------------------------+
Note: In order to hide this table in the UI and the text report file, please set the "Show Parameter Settings in Synthesis Report" option in "Analysis and Synthesis Settings -> More Settings" to "Off".


+----------------------------------------------------------------------+
; Parameter Settings for User Entity Instance: datapath:dp|reg4:DCard3 ;
+----------------+-------+---------------------------------------------+
; Parameter Name ; Value ; Type                                        ;
+----------------+-------+---------------------------------------------+
; n              ; 4     ; Signed Integer                              ;
+----------------+-------+---------------------------------------------+
Note: In order to hide this table in the UI and the text report file, please set the "Show Parameter Settings in Synthesis Report" option in "Analysis and Synthesis Settings -> More Settings" to "Off".


+-----------------------------------------------------------------------------------------------+
; Parameter Settings for Inferred Entity Instance: datapath:dp|scorehand:Player|lpm_divide:Mod0 ;
+------------------------+----------------+-----------------------------------------------------+
; Parameter Name         ; Value          ; Type                                                ;
+------------------------+----------------+-----------------------------------------------------+
; LPM_WIDTHN             ; 7              ; Untyped                                             ;
; LPM_WIDTHD             ; 4              ; Untyped                                             ;
; LPM_NREPRESENTATION    ; UNSIGNED       ; Untyped                                             ;
; LPM_DREPRESENTATION    ; UNSIGNED       ; Untyped                                             ;
; LPM_PIPELINE           ; 0              ; Untyped                                             ;
; LPM_REMAINDERPOSITIVE  ; TRUE           ; Untyped                                             ;
; MAXIMIZE_SPEED         ; 5              ; Untyped                                             ;
; CBXI_PARAMETER         ; lpm_divide_72m ; Untyped                                             ;
; CARRY_CHAIN            ; MANUAL         ; Untyped                                             ;
; OPTIMIZE_FOR_SPEED     ; 5              ; Untyped                                             ;
; AUTO_CARRY_CHAINS      ; ON             ; AUTO_CARRY                                          ;
; IGNORE_CARRY_BUFFERS   ; OFF            ; IGNORE_CARRY                                        ;
; AUTO_CASCADE_CHAINS    ; ON             ; AUTO_CASCADE                                        ;
; IGNORE_CASCADE_BUFFERS ; OFF            ; IGNORE_CASCADE                                      ;
+------------------------+----------------+-----------------------------------------------------+
Note: In order to hide this table in the UI and the text report file, please set the "Show Parameter Settings in Synthesis Report" option in "Analysis and Synthesis Settings -> More Settings" to "Off".


+-----------------------------------------------------------------------------------------------+
; Parameter Settings for Inferred Entity Instance: datapath:dp|scorehand:Dealer|lpm_divide:Mod0 ;
+------------------------+----------------+-----------------------------------------------------+
; Parameter Name         ; Value          ; Type                                                ;
+------------------------+----------------+-----------------------------------------------------+
; LPM_WIDTHN             ; 7              ; Untyped                                             ;
; LPM_WIDTHD             ; 4              ; Untyped                                             ;
; LPM_NREPRESENTATION    ; UNSIGNED       ; Untyped                                             ;
; LPM_DREPRESENTATION    ; UNSIGNED       ; Untyped                                             ;
; LPM_PIPELINE           ; 0              ; Untyped                                             ;
; LPM_REMAINDERPOSITIVE  ; TRUE           ; Untyped                                             ;
; MAXIMIZE_SPEED         ; 5              ; Untyped                                             ;
; CBXI_PARAMETER         ; lpm_divide_72m ; Untyped                                             ;
; CARRY_CHAIN            ; MANUAL         ; Untyped                                             ;
; OPTIMIZE_FOR_SPEED     ; 5              ; Untyped                                             ;
; AUTO_CARRY_CHAINS      ; ON             ; AUTO_CARRY                                          ;
; IGNORE_CARRY_BUFFERS   ; OFF            ; IGNORE_CARRY                                        ;
; AUTO_CASCADE_CHAINS    ; ON             ; AUTO_CASCADE                                        ;
; IGNORE_CASCADE_BUFFERS ; OFF            ; IGNORE_CASCADE                                      ;
+------------------------+----------------+-----------------------------------------------------+
Note: In order to hide this table in the UI and the text report file, please set the "Show Parameter Settings in Synthesis Report" option in "Analysis and Synthesis Settings -> More Settings" to "Off".


+-----------------------------------------------------+
; Post-Synthesis Netlist Statistics for Top Partition ;
+-----------------------+-----------------------------+
; Type                  ; Count                       ;
+-----------------------+-----------------------------+
; arriav_ff             ; 37                          ;
;     ENA               ; 24                          ;
;     SCLR              ; 1                           ;
;     SLD               ; 1                           ;
;     plain             ; 11                          ;
; arriav_lcell_comb     ; 244                         ;
;     arith             ; 42                          ;
;         0 data inputs ; 12                          ;
;         1 data inputs ; 6                           ;
;         2 data inputs ; 4                           ;
;         3 data inputs ; 16                          ;
;         4 data inputs ; 4                           ;
;     normal            ; 180                         ;
;         1 data inputs ; 42                          ;
;         2 data inputs ; 38                          ;
;         3 data inputs ; 24                          ;
;         4 data inputs ; 52                          ;
;         5 data inputs ; 12                          ;
;         6 data inputs ; 12                          ;
;     shared            ; 22                          ;
;         0 data inputs ; 8                           ;
;         1 data inputs ; 6                           ;
;         3 data inputs ; 8                           ;
; boundary_port         ; 57                          ;
;                       ;                             ;
; Max LUT depth         ; 11.80                       ;
; Average LUT depth     ; 7.82                        ;
+-----------------------+-----------------------------+


+-------------------------------+
; Elapsed Time Per Partition    ;
+----------------+--------------+
; Partition Name ; Elapsed Time ;
+----------------+--------------+
; Top            ; 00:00:01     ;
+----------------+--------------+


+-------------------------------+
; Analysis & Synthesis Messages ;
+-------------------------------+
Info: *******************************************************************
Info: Running Quartus Prime Analysis & Synthesis
    Info: Version 18.1.0 Build 625 09/12/2018 SJ Lite Edition
    Info: Processing started: Sun May 16 18:09:03 2021
Info: Command: quartus_map --read_settings_files=on --write_settings_files=off task5 -c task5
Warning (18236): Number of processors has not been specified which may cause overloading on shared machines.  Set the global assignment NUM_PARALLEL_PROCESSORS in your QSF to an appropriate value for best performance.
Info (20030): Parallel compilation is enabled and will use 8 of the 8 processors detected
Info (12021): Found 1 design units, including 1 entities, in source file tb_task5.sv
    Info (12023): Found entity 1: tb_task5 File: C:/Users/circl/OneDrive/Desktop/CPEN311/Labs/Lab1/lab1-cpen311-RobinHYuan/task5/tb_task5.sv Line: 1
Info (12021): Found 1 design units, including 1 entities, in source file tb_statemachine.sv
    Info (12023): Found entity 1: tb_statemachine File: C:/Users/circl/OneDrive/Desktop/CPEN311/Labs/Lab1/lab1-cpen311-RobinHYuan/task5/tb_statemachine.sv Line: 1
Info (12021): Found 1 design units, including 1 entities, in source file tb_scorehand.sv
    Info (12023): Found entity 1: tb_scorehand File: C:/Users/circl/OneDrive/Desktop/CPEN311/Labs/Lab1/lab1-cpen311-RobinHYuan/task5/tb_scorehand.sv Line: 1
Info (12021): Found 1 design units, including 1 entities, in source file tb_datapath.sv
    Info (12023): Found entity 1: tb_datapath File: C:/Users/circl/OneDrive/Desktop/CPEN311/Labs/Lab1/lab1-cpen311-RobinHYuan/task5/tb_datapath.sv Line: 1
Info (12021): Found 1 design units, including 1 entities, in source file task5.sv
    Info (12023): Found entity 1: task5 File: C:/Users/circl/OneDrive/Desktop/CPEN311/Labs/Lab1/lab1-cpen311-RobinHYuan/task5/task5.sv Line: 5
Info (12021): Found 1 design units, including 1 entities, in source file statemachine.sv
    Info (12023): Found entity 1: statemachine File: C:/Users/circl/OneDrive/Desktop/CPEN311/Labs/Lab1/lab1-cpen311-RobinHYuan/task5/statemachine.sv Line: 1
Info (12021): Found 1 design units, including 1 entities, in source file scorehand.sv
    Info (12023): Found entity 1: scorehand File: C:/Users/circl/OneDrive/Desktop/CPEN311/Labs/Lab1/lab1-cpen311-RobinHYuan/task5/scorehand.sv Line: 1
Info (12021): Found 1 design units, including 1 entities, in source file dealcard.sv
    Info (12023): Found entity 1: dealcard File: C:/Users/circl/OneDrive/Desktop/CPEN311/Labs/Lab1/lab1-cpen311-RobinHYuan/task5/dealcard.sv Line: 4
Info (12021): Found 2 design units, including 2 entities, in source file datapath.sv
    Info (12023): Found entity 1: datapath File: C:/Users/circl/OneDrive/Desktop/CPEN311/Labs/Lab1/lab1-cpen311-RobinHYuan/task5/datapath.sv Line: 1
    Info (12023): Found entity 2: reg4 File: C:/Users/circl/OneDrive/Desktop/CPEN311/Labs/Lab1/lab1-cpen311-RobinHYuan/task5/datapath.sv Line: 43
Info (12021): Found 1 design units, including 1 entities, in source file card7seg.sv
    Info (12023): Found entity 1: card7seg File: C:/Users/circl/OneDrive/Desktop/CPEN311/Labs/Lab1/lab1-cpen311-RobinHYuan/task5/card7seg.sv Line: 8
Info (12127): Elaborating entity "task5" for the top level hierarchy
Info (12128): Elaborating entity "datapath" for hierarchy "datapath:dp" File: C:/Users/circl/OneDrive/Desktop/CPEN311/Labs/Lab1/lab1-cpen311-RobinHYuan/task5/task5.sv Line: 40
Info (12128): Elaborating entity "dealcard" for hierarchy "datapath:dp|dealcard:newcard" File: C:/Users/circl/OneDrive/Desktop/CPEN311/Labs/Lab1/lab1-cpen311-RobinHYuan/task5/datapath.sv Line: 13
Info (12128): Elaborating entity "reg4" for hierarchy "datapath:dp|reg4:PCard1" File: C:/Users/circl/OneDrive/Desktop/CPEN311/Labs/Lab1/lab1-cpen311-RobinHYuan/task5/datapath.sv Line: 15
Info (12128): Elaborating entity "scorehand" for hierarchy "datapath:dp|scorehand:Player" File: C:/Users/circl/OneDrive/Desktop/CPEN311/Labs/Lab1/lab1-cpen311-RobinHYuan/task5/datapath.sv Line: 22
Warning (10230): Verilog HDL assignment warning at scorehand.sv(10): truncated value with size 32 to match size of target (4) File: C:/Users/circl/OneDrive/Desktop/CPEN311/Labs/Lab1/lab1-cpen311-RobinHYuan/task5/scorehand.sv Line: 10
Info (12128): Elaborating entity "card7seg" for hierarchy "datapath:dp|card7seg:cardP1" File: C:/Users/circl/OneDrive/Desktop/CPEN311/Labs/Lab1/lab1-cpen311-RobinHYuan/task5/datapath.sv Line: 25
Info (12128): Elaborating entity "statemachine" for hierarchy "statemachine:sm" File: C:/Users/circl/OneDrive/Desktop/CPEN311/Labs/Lab1/lab1-cpen311-RobinHYuan/task5/task5.sv Line: 59
Info (10264): Verilog HDL Case Statement information at statemachine.sv(23): all case item expressions in this case statement are onehot File: C:/Users/circl/OneDrive/Desktop/CPEN311/Labs/Lab1/lab1-cpen311-RobinHYuan/task5/statemachine.sv Line: 23
Info (278001): Inferred 2 megafunctions from design logic
    Info (278004): Inferred divider/modulo megafunction ("lpm_divide") from the following logic: "datapath:dp|scorehand:Player|Mod0" File: C:/Users/circl/OneDrive/Desktop/CPEN311/Labs/Lab1/lab1-cpen311-RobinHYuan/task5/scorehand.sv Line: 10
    Info (278004): Inferred divider/modulo megafunction ("lpm_divide") from the following logic: "datapath:dp|scorehand:Dealer|Mod0" File: C:/Users/circl/OneDrive/Desktop/CPEN311/Labs/Lab1/lab1-cpen311-RobinHYuan/task5/scorehand.sv Line: 10
Info (12130): Elaborated megafunction instantiation "datapath:dp|scorehand:Player|lpm_divide:Mod0" File: C:/Users/circl/OneDrive/Desktop/CPEN311/Labs/Lab1/lab1-cpen311-RobinHYuan/task5/scorehand.sv Line: 10
Info (12133): Instantiated megafunction "datapath:dp|scorehand:Player|lpm_divide:Mod0" with the following parameter: File: C:/Users/circl/OneDrive/Desktop/CPEN311/Labs/Lab1/lab1-cpen311-RobinHYuan/task5/scorehand.sv Line: 10
    Info (12134): Parameter "LPM_WIDTHN" = "7"
    Info (12134): Parameter "LPM_WIDTHD" = "4"
    Info (12134): Parameter "LPM_NREPRESENTATION" = "UNSIGNED"
    Info (12134): Parameter "LPM_DREPRESENTATION" = "UNSIGNED"
Info (12021): Found 1 design units, including 1 entities, in source file db/lpm_divide_72m.tdf
    Info (12023): Found entity 1: lpm_divide_72m File: C:/Users/circl/OneDrive/Desktop/CPEN311/Labs/Lab1/lab1-cpen311-RobinHYuan/task5/db/lpm_divide_72m.tdf Line: 24
Info (12021): Found 1 design units, including 1 entities, in source file db/sign_div_unsign_akh.tdf
    Info (12023): Found entity 1: sign_div_unsign_akh File: C:/Users/circl/OneDrive/Desktop/CPEN311/Labs/Lab1/lab1-cpen311-RobinHYuan/task5/db/sign_div_unsign_akh.tdf Line: 24
Info (12021): Found 1 design units, including 1 entities, in source file db/alt_u_div_qse.tdf
    Info (12023): Found entity 1: alt_u_div_qse File: C:/Users/circl/OneDrive/Desktop/CPEN311/Labs/Lab1/lab1-cpen311-RobinHYuan/task5/db/alt_u_div_qse.tdf Line: 22
Info (286030): Timing-Driven Synthesis is running
Info (17049): 4 registers lost all their fanouts during netlist optimizations.
Info (144001): Generated suppressed messages file C:/Users/circl/OneDrive/Desktop/CPEN311/Labs/Lab1/lab1-cpen311-RobinHYuan/task5/output_files/task5.map.smsg
Info (16010): Generating hard_block partition "hard_block:auto_generated_inst"
    Info (16011): Adding 0 node(s), including 0 DDIO, 0 PLL, 0 transceiver and 0 LCELL
Warning (21074): Design contains 2 input pin(s) that do not drive logic
    Warning (15610): No output dependent on input pin "KEY[1]" File: C:/Users/circl/OneDrive/Desktop/CPEN311/Labs/Lab1/lab1-cpen311-RobinHYuan/task5/task5.sv Line: 5
    Warning (15610): No output dependent on input pin "KEY[2]" File: C:/Users/circl/OneDrive/Desktop/CPEN311/Labs/Lab1/lab1-cpen311-RobinHYuan/task5/task5.sv Line: 5
Info (21057): Implemented 284 device resources after synthesis - the final resource count might be different
    Info (21058): Implemented 5 input pins
    Info (21059): Implemented 52 output pins
    Info (21061): Implemented 227 logic cells
Info: Quartus Prime Analysis & Synthesis was successful. 0 errors, 5 warnings
    Info: Peak virtual memory: 4875 megabytes
    Info: Processing ended: Sun May 16 18:09:18 2021
    Info: Elapsed time: 00:00:15
    Info: Total CPU time (on all processors): 00:00:35


+------------------------------------------+
; Analysis & Synthesis Suppressed Messages ;
+------------------------------------------+
The suppressed messages can be found in C:/Users/circl/OneDrive/Desktop/CPEN311/Labs/Lab1/lab1-cpen311-RobinHYuan/task5/output_files/task5.map.smsg.


